0 info it worked if it ends with ok
1 verbose cli [ '/usr/bin/node',
1 verbose cli   '/usr/bin/npm',
1 verbose cli   'install',
1 verbose cli   '-g',
1 verbose cli   'bower',
1 verbose cli   'to',
1 verbose cli   'update' ]
2 info using npm@1.4.28
3 info using node@v0.10.37
4 verbose node symlink /usr/bin/node
5 verbose cache add [ 'bower', null ]
6 verbose cache add name=undefined spec="bower" args=["bower",null]
7 verbose parsed url { protocol: null,
7 verbose parsed url   slashes: null,
7 verbose parsed url   auth: null,
7 verbose parsed url   host: null,
7 verbose parsed url   port: null,
7 verbose parsed url   hostname: null,
7 verbose parsed url   hash: null,
7 verbose parsed url   search: null,
7 verbose parsed url   query: null,
7 verbose parsed url   pathname: 'bower',
7 verbose parsed url   path: 'bower',
7 verbose parsed url   href: 'bower' }
8 verbose cache add [ 'to', null ]
9 verbose cache add name=undefined spec="to" args=["to",null]
10 verbose parsed url { protocol: null,
10 verbose parsed url   slashes: null,
10 verbose parsed url   auth: null,
10 verbose parsed url   host: null,
10 verbose parsed url   port: null,
10 verbose parsed url   hostname: null,
10 verbose parsed url   hash: null,
10 verbose parsed url   search: null,
10 verbose parsed url   query: null,
10 verbose parsed url   pathname: 'to',
10 verbose parsed url   path: 'to',
10 verbose parsed url   href: 'to' }
11 verbose cache add [ 'update', null ]
12 verbose cache add name=undefined spec="update" args=["update",null]
13 verbose parsed url { protocol: null,
13 verbose parsed url   slashes: null,
13 verbose parsed url   auth: null,
13 verbose parsed url   host: null,
13 verbose parsed url   port: null,
13 verbose parsed url   hostname: null,
13 verbose parsed url   hash: null,
13 verbose parsed url   search: null,
13 verbose parsed url   query: null,
13 verbose parsed url   pathname: 'update',
13 verbose parsed url   path: 'update',
13 verbose parsed url   href: 'update' }
14 silly lockFile 206e3ce5-bower bower
15 verbose lock bower /home/wladek/.npm/206e3ce5-bower.lock
16 silly lockFile 4374aaee-to to
17 verbose lock to /home/wladek/.npm/4374aaee-to.lock
18 silly lockFile 0a25ba59-update update
19 verbose lock update /home/wladek/.npm/0a25ba59-update.lock
20 silly lockFile 206e3ce5-bower bower
21 silly lockFile 206e3ce5-bower bower
22 silly lockFile 4374aaee-to to
23 silly lockFile 4374aaee-to to
24 silly lockFile 0a25ba59-update update
25 silly lockFile 0a25ba59-update update
26 verbose addNamed [ 'bower', '' ]
27 verbose addNamed [ null, '*' ]
28 silly lockFile 1240aab1-bower bower@
29 verbose lock bower@ /home/wladek/.npm/1240aab1-bower.lock
30 verbose addNamed [ 'to', '' ]
31 verbose addNamed [ null, '*' ]
32 silly lockFile d4731923-to to@
33 verbose lock to@ /home/wladek/.npm/d4731923-to.lock
34 verbose addNamed [ 'update', '' ]
35 verbose addNamed [ null, '*' ]
36 silly lockFile f8258749-update update@
37 verbose lock update@ /home/wladek/.npm/f8258749-update.lock
38 silly addNameRange { name: 'bower', range: '*', hasData: false }
39 silly addNameRange { name: 'to', range: '*', hasData: false }
40 silly addNameRange { name: 'update', range: '*', hasData: false }
41 verbose request where is /to
42 verbose request registry https://registry.npmjs.org/
43 verbose request id 629519a00a4e6d36
44 verbose url raw /to
45 verbose url resolving [ 'https://registry.npmjs.org/', './to' ]
46 verbose url resolved https://registry.npmjs.org/to
47 verbose request where is https://registry.npmjs.org/to
48 info trying registry request attempt 1 at 10:14:09
49 http GET https://registry.npmjs.org/to
50 verbose request where is /update
51 verbose request registry https://registry.npmjs.org/
52 verbose url raw /update
53 verbose url resolving [ 'https://registry.npmjs.org/', './update' ]
54 verbose url resolved https://registry.npmjs.org/update
55 verbose request where is https://registry.npmjs.org/update
56 info trying registry request attempt 1 at 10:14:09
57 http GET https://registry.npmjs.org/update
58 verbose request where is /bower
59 verbose request registry https://registry.npmjs.org/
60 verbose url raw /bower
61 verbose url resolving [ 'https://registry.npmjs.org/', './bower' ]
62 verbose url resolved https://registry.npmjs.org/bower
63 verbose request where is https://registry.npmjs.org/bower
64 info trying registry request attempt 1 at 10:14:09
65 verbose etag "3F7G5WBDIYXY0GU096GPC4SHC"
66 http GET https://registry.npmjs.org/bower
67 http 200 https://registry.npmjs.org/to
68 silly registry.get cb [ 200,
68 silly registry.get   { server: 'CouchDB/1.5.0 (Erlang OTP/R16B03)',
68 silly registry.get     etag: '"C0CKNCOJZFPGGLNP1OSQMTNDW"',
68 silly registry.get     'content-type': 'application/json',
68 silly registry.get     'cache-control': 'max-age=60',
68 silly registry.get     'content-length': '37266',
68 silly registry.get     'accept-ranges': 'bytes',
68 silly registry.get     date: 'Wed, 30 Sep 2015 07:14:10 GMT',
68 silly registry.get     via: '1.1 varnish',
68 silly registry.get     age: '27',
68 silly registry.get     connection: 'keep-alive',
68 silly registry.get     'x-served-by': 'cache-lcy1120-LCY',
68 silly registry.get     'x-cache': 'HIT',
68 silly registry.get     'x-cache-hits': '1',
68 silly registry.get     'x-timer': 'S1443597250.436973,VS0,VE0',
68 silly registry.get     vary: 'Accept' } ]
69 silly addNameRange number 2 { name: 'to', range: '*', hasData: true }
70 silly addNameRange versions [ 'to',
70 silly addNameRange   [ '0.0.1',
70 silly addNameRange     '0.0.2',
70 silly addNameRange     '0.0.3',
70 silly addNameRange     '0.1.0',
70 silly addNameRange     '0.1.1',
70 silly addNameRange     '0.1.2',
70 silly addNameRange     '0.2.0',
70 silly addNameRange     '0.2.1',
70 silly addNameRange     '0.2.2',
70 silly addNameRange     '0.2.3',
70 silly addNameRange     '0.2.4',
70 silly addNameRange     '0.2.5',
70 silly addNameRange     '0.2.6',
70 silly addNameRange     '0.2.7',
70 silly addNameRange     '0.2.8',
70 silly addNameRange     '0.2.9' ] ]
71 verbose addNamed [ 'to', '0.2.9' ]
72 verbose addNamed [ '0.2.9', '0.2.9' ]
73 silly lockFile 2515bbf0-to-0-2-9 to@0.2.9
74 verbose lock to@0.2.9 /home/wladek/.npm/2515bbf0-to-0-2-9.lock
75 silly lockFile a65d4fc2-gistry-npmjs-org-to-to-0-2-9-tgz https://registry.npmjs.org/to/-/to-0.2.9.tgz
76 verbose lock https://registry.npmjs.org/to/-/to-0.2.9.tgz /home/wladek/.npm/a65d4fc2-gistry-npmjs-org-to-to-0-2-9-tgz.lock
77 verbose addRemoteTarball [ 'https://registry.npmjs.org/to/-/to-0.2.9.tgz',
77 verbose addRemoteTarball   '0ba5a56fe53538db9205ceb6d7ed217aae4635c4' ]
78 info retry fetch attempt 1 at 10:14:10
79 verbose fetch to= /tmp/npm-5598-MccDA4cc/registry.npmjs.org/to/-/to-0.2.9.tgz
80 http GET https://registry.npmjs.org/to/-/to-0.2.9.tgz
81 http 200 https://registry.npmjs.org/update
82 silly registry.get cb [ 200,
82 silly registry.get   { server: 'CouchDB/1.5.0 (Erlang OTP/R16B03)',
82 silly registry.get     etag: '"7Y8DBB3ASI3QFID32Q0E2UKZL"',
82 silly registry.get     'content-type': 'application/json',
82 silly registry.get     'cache-control': 'max-age=60',
82 silly registry.get     'content-length': '18036',
82 silly registry.get     'accept-ranges': 'bytes',
82 silly registry.get     date: 'Wed, 30 Sep 2015 07:14:11 GMT',
82 silly registry.get     via: '1.1 varnish',
82 silly registry.get     age: '0',
82 silly registry.get     connection: 'keep-alive',
82 silly registry.get     'x-served-by': 'cache-lhr6331-LHR',
82 silly registry.get     'x-cache': 'MISS',
82 silly registry.get     'x-cache-hits': '0',
82 silly registry.get     'x-timer': 'S1443597250.763525,VS0,VE302',
82 silly registry.get     vary: 'Accept' } ]
83 silly addNameRange number 2 { name: 'update', range: '*', hasData: true }
84 silly addNameRange versions [ 'update',
84 silly addNameRange   [ '0.1.0',
84 silly addNameRange     '0.2.0',
84 silly addNameRange     '0.3.0-beta',
84 silly addNameRange     '0.3.1-beta',
84 silly addNameRange     '0.3.2-beta',
84 silly addNameRange     '0.3.3-beta',
84 silly addNameRange     '0.3.3',
84 silly addNameRange     '0.3.5',
84 silly addNameRange     '0.3.6' ] ]
85 verbose addNamed [ 'update', '0.3.6' ]
86 verbose addNamed [ '0.3.6', '0.3.6' ]
87 silly lockFile 03d883a6-update-0-3-6 update@0.3.6
88 verbose lock update@0.3.6 /home/wladek/.npm/03d883a6-update-0-3-6.lock
89 silly lockFile 2ca92941-pmjs-org-update-update-0-3-6-tgz https://registry.npmjs.org/update/-/update-0.3.6.tgz
90 verbose lock https://registry.npmjs.org/update/-/update-0.3.6.tgz /home/wladek/.npm/2ca92941-pmjs-org-update-update-0-3-6-tgz.lock
91 verbose addRemoteTarball [ 'https://registry.npmjs.org/update/-/update-0.3.6.tgz',
91 verbose addRemoteTarball   '11bcae2d5fe3413a5dd0910f424d6310e50c99e8' ]
92 info retry fetch attempt 1 at 10:14:11
93 verbose fetch to= /tmp/npm-5598-MccDA4cc/registry.npmjs.org/update/-/update-0.3.6.tgz
94 http GET https://registry.npmjs.org/update/-/update-0.3.6.tgz
95 http 200 https://registry.npmjs.org/bower
96 silly registry.get cb [ 200,
96 silly registry.get   { server: 'CouchDB/1.5.0 (Erlang OTP/R16B03)',
96 silly registry.get     etag: '"9T83GPBORE2SESGCV41JXJ5PU"',
96 silly registry.get     'content-type': 'application/json',
96 silly registry.get     'cache-control': 'max-age=60',
96 silly registry.get     'content-length': '122887',
96 silly registry.get     'accept-ranges': 'bytes',
96 silly registry.get     date: 'Wed, 30 Sep 2015 07:14:10 GMT',
96 silly registry.get     via: '1.1 varnish',
96 silly registry.get     age: '55',
96 silly registry.get     connection: 'keep-alive',
96 silly registry.get     'x-served-by': 'cache-lhr6321-LHR',
96 silly registry.get     'x-cache': 'HIT',
96 silly registry.get     'x-cache-hits': '1',
96 silly registry.get     'x-timer': 'S1443597250.763640,VS0,VE1',
96 silly registry.get     vary: 'Accept' } ]
97 silly addNameRange number 2 { name: 'bower', range: '*', hasData: true }
98 silly addNameRange versions [ 'bower',
98 silly addNameRange   [ '0.1.0',
98 silly addNameRange     '0.1.2',
98 silly addNameRange     '0.1.3',
98 silly addNameRange     '0.2.0',
98 silly addNameRange     '0.3.0',
98 silly addNameRange     '0.3.1',
98 silly addNameRange     '0.3.2',
98 silly addNameRange     '0.4.0',
98 silly addNameRange     '0.5.0',
98 silly addNameRange     '0.5.1',
98 silly addNameRange     '0.6.0',
98 silly addNameRange     '0.6.1',
98 silly addNameRange     '0.6.2',
98 silly addNameRange     '0.6.3',
98 silly addNameRange     '0.6.4',
98 silly addNameRange     '0.6.5',
98 silly addNameRange     '0.6.6',
98 silly addNameRange     '0.6.7',
98 silly addNameRange     '0.6.8',
98 silly addNameRange     '0.7.0',
98 silly addNameRange     '0.7.1',
98 silly addNameRange     '0.8.0',
98 silly addNameRange     '0.8.1',
98 silly addNameRange     '0.8.2',
98 silly addNameRange     '0.8.3',
98 silly addNameRange     '0.8.4',
98 silly addNameRange     '0.8.5',
98 silly addNameRange     '0.8.6',
98 silly addNameRange     '0.9.0',
98 silly addNameRange     '0.9.1',
98 silly addNameRange     '0.9.2',
98 silly addNameRange     '0.10.0',
98 silly addNameRange     '1.0.0',
98 silly addNameRange     '1.0.1',
98 silly addNameRange     '1.0.2',
98 silly addNameRange     '1.0.3',
98 silly addNameRange     '1.1.0',
98 silly addNameRange     '1.1.1',
98 silly addNameRange     '1.1.2',
98 silly addNameRange     '1.2.0',
98 silly addNameRange     '1.2.1',
98 silly addNameRange     '1.2.2',
98 silly addNameRange     '1.2.3',
98 silly addNameRange     '1.2.4',
98 silly addNameRange     '1.2.5',
98 silly addNameRange     '1.2.6',
98 silly addNameRange     '1.2.7',
98 silly addNameRange     '1.2.8',
98 silly addNameRange     '1.3.0',
98 silly addNameRange     '1.3.1',
98 silly addNameRange     '1.3.2',
98 silly addNameRange     '1.3.3',
98 silly addNameRange     '1.3.4',
98 silly addNameRange     '1.3.5',
98 silly addNameRange     '1.3.6',
98 silly addNameRange     '1.3.7',
98 silly addNameRange     '1.3.8',
98 silly addNameRange     '1.3.9',
98 silly addNameRange     '1.3.10',
98 silly addNameRange     '1.3.11',
98 silly addNameRange     '1.3.12',
98 silly addNameRange     '1.4.0',
98 silly addNameRange     '1.4.1',
98 silly addNameRange     '1.5.0',
98 silly addNameRange     '1.5.1',
98 silly addNameRange     '1.5.2',
98 silly addNameRange     '1.5.3' ] ]
99 verbose addNamed [ 'bower', '1.5.3' ]
100 verbose addNamed [ '1.5.3', '1.5.3' ]
101 silly lockFile a87c38db-bower-1-5-3 bower@1.5.3
102 verbose lock bower@1.5.3 /home/wladek/.npm/a87c38db-bower-1-5-3.lock
103 silly lockFile 3a55fcca--npmjs-org-bower-bower-1-5-3-tgz https://registry.npmjs.org/bower/-/bower-1.5.3.tgz
104 verbose lock https://registry.npmjs.org/bower/-/bower-1.5.3.tgz /home/wladek/.npm/3a55fcca--npmjs-org-bower-bower-1-5-3-tgz.lock
105 verbose addRemoteTarball [ 'https://registry.npmjs.org/bower/-/bower-1.5.3.tgz',
105 verbose addRemoteTarball   'ee5d7952e114e30b18795e20e9fefcc5b4cf963d' ]
106 info retry fetch attempt 1 at 10:14:11
107 verbose fetch to= /tmp/npm-5598-MccDA4cc/registry.npmjs.org/bower/-/bower-1.5.3.tgz
108 http GET https://registry.npmjs.org/bower/-/bower-1.5.3.tgz
109 http 200 https://registry.npmjs.org/to/-/to-0.2.9.tgz
110 silly lockFile a65d4fc2-gistry-npmjs-org-to-to-0-2-9-tgz https://registry.npmjs.org/to/-/to-0.2.9.tgz
111 silly lockFile a65d4fc2-gistry-npmjs-org-to-to-0-2-9-tgz https://registry.npmjs.org/to/-/to-0.2.9.tgz
112 silly lockFile 2515bbf0-to-0-2-9 to@0.2.9
113 silly lockFile 2515bbf0-to-0-2-9 to@0.2.9
114 silly lockFile d4731923-to to@
115 silly lockFile d4731923-to to@
116 http 200 https://registry.npmjs.org/update/-/update-0.3.6.tgz
117 silly lockFile 2ca92941-pmjs-org-update-update-0-3-6-tgz https://registry.npmjs.org/update/-/update-0.3.6.tgz
118 silly lockFile 2ca92941-pmjs-org-update-update-0-3-6-tgz https://registry.npmjs.org/update/-/update-0.3.6.tgz
119 silly lockFile 03d883a6-update-0-3-6 update@0.3.6
120 silly lockFile 03d883a6-update-0-3-6 update@0.3.6
121 silly lockFile f8258749-update update@
122 silly lockFile f8258749-update update@
123 http 200 https://registry.npmjs.org/bower/-/bower-1.5.3.tgz
124 silly lockFile 3a55fcca--npmjs-org-bower-bower-1-5-3-tgz https://registry.npmjs.org/bower/-/bower-1.5.3.tgz
125 silly lockFile 3a55fcca--npmjs-org-bower-bower-1-5-3-tgz https://registry.npmjs.org/bower/-/bower-1.5.3.tgz
126 silly lockFile a87c38db-bower-1-5-3 bower@1.5.3
127 silly lockFile a87c38db-bower-1-5-3 bower@1.5.3
128 silly lockFile 1240aab1-bower bower@
129 silly lockFile 1240aab1-bower bower@
130 silly resolved [ { name: 'to',
130 silly resolved     description: 'load/convert between xml,json,yaml formats',
130 silly resolved     homepage: 'https://github.com/openmason/to',
130 silly resolved     version: '0.2.9',
130 silly resolved     author: { name: 'el aras', email: 'openmason@gmail.com' },
130 silly resolved     dependencies:
130 silly resolved      { handy: '>= 0.0.11',
130 silly resolved        underscore: '>= 1.4.0',
130 silly resolved        'js-yaml': '>= 1.0.2',
130 silly resolved        htmlparser: '>= 1.7.6',
130 silly resolved        optimist: '>= 0.3.5' },
130 silly resolved     devDependencies: { mocha: '>= 1.6.0', should: '>= 1.2.0' },
130 silly resolved     keywords: [ 'converter', 'convertor', 'json', 'xml', 'yaml' ],
130 silly resolved     repository: { type: 'git', url: 'git://github.com/openmason/to' },
130 silly resolved     main: 'index',
130 silly resolved     scripts: { prepublish: 'npm prune', test: 'make test' },
130 silly resolved     engines: { node: '>= 0.8.0' },
130 silly resolved     readme: '[![build status](https://secure.travis-ci.org/openmason/to.png)](http://travis-ci.org/openmason/to)\n\n# to.js\ncollection of convertors.\nComes with command line options to use the convertors along with a library version that can be used within programs as well.\n\n# Solves\n  * read input formats json, xml, yaml \n  * converts the document to internal javascript object form\n  * write output as json, yaml documents\n  * only input xml is handled (no output xml yet)\n\n## Installation\n\n    $ npm install -g to\n    $ npm install to\n\n## Usage\n\nCommand line:\n\n     # reads xml file and prints it in yml\n     $ to -i examples/sample.xml -o .yaml\n     \n     # reads yaml and prints it in json\n     $ to -i examples/sample.yml -o .json\n\nWithin your program:\n\n    var to = require(\'to\');\n    \n    # Load yaml\n    var yamldoc = to.format.yaml.load(\'config.yaml\');\n    \n    # print doc in yaml \n    var doc = ...;\n    console.log(to.format.yaml.stringify(doc));\n\n * refer to examples directory for xml, json, yaml code\n\n## Example\nFor a sample input xml:\n\n    <?xml version="1.0" encoding="UTF-8" ?>\n    <!DOCTYPE log4j:configuration SYSTEM "log4j.dtd">    \n    <dummy>\n    <value>15</value>\n    <value>35</value>\n    <value>5</value>\n    <value>4784</value>\n    <value>one more</value>\n    <h>decent</h>\n    <h>list</h>\n    <h>another</h>\n    <object>value</object>\n    <inner>\n      <h1>value</h1>\n      <li>got</li>\n      <li>milk</li>\n    </inner>\n   </dummy>\n\nOutput in json:\n\n    {\n      "dummy": {\n        "value": [\n          "15",\n          "35",\n          "5",\n          "4784",\n          "one more"\n        ],\n        "h": [\n          "decent",\n          "list",\n          "another"\n        ],\n        "object": "value",\n        "inner": {\n          "h1": "value",\n          "li": [\n            "got",\n            "milk"\n          ]\n        }\n      }\n    }\n    \n    # to try this example\n    $ to -i examples/sample1.xml -o .json\n\nOutput in yaml:\n\n    dummy: \n      value: \n        - 15\n        - 35\n        - 5\n        - 4784\n        - "one more"\n      h: \n        - decent\n        - list\n        - another\n      object: value\n      inner: \n        h1: value\n        li: \n          - got\n          - milk\n\n    # to try this example\n    $ to -i examples/sample1.xml -o .yaml\n\n## Todo\n * Input html (be forgiving with bad html)\n * Input markdown \n * Output xml\n * Output html\n * add unit tests\n * allow beautification params for all outputs \n\n## Test cases\nTo execute full test cases\n\n    $ make\n\n',
130 silly resolved     _id: 'to@0.2.9',
130 silly resolved     dist:
130 silly resolved      { shasum: '0ba5a56fe53538db9205ceb6d7ed217aae4635c4',
130 silly resolved        tarball: 'http://registry.npmjs.org/to/-/to-0.2.9.tgz' },
130 silly resolved     maintainers: [ [Object], [Object] ],
130 silly resolved     directories: {},
130 silly resolved     _shasum: '0ba5a56fe53538db9205ceb6d7ed217aae4635c4',
130 silly resolved     _from: 'to@',
130 silly resolved     _resolved: 'https://registry.npmjs.org/to/-/to-0.2.9.tgz' },
130 silly resolved   { name: 'update',
130 silly resolved     description: 'Update the year in all files in a project using glob patterns.',
130 silly resolved     version: '0.3.6',
130 silly resolved     homepage: 'https://github.com/jonschlinkert/update',
130 silly resolved     author:
130 silly resolved      { name: 'Jon Schlinkert',
130 silly resolved        url: 'https://github.com/jonschlinkert' },
130 silly resolved     repository: { type: 'git', url: 'https://github.com/jonschlinkert/update' },
130 silly resolved     bugs: { url: 'https://github.com/jonschlinkert/update/issues' },
130 silly resolved     license: 'MIT',
130 silly resolved     files: [ 'cli.js', 'lib/', 'templates/', 'verbfile.js', 'plugins/' ],
130 silly resolved     main: 'index.js',
130 silly resolved     preferGlobal: true,
130 silly resolved     bin: { update: './cli.js' },
130 silly resolved     engines: { node: '>=0.10.0' },
130 silly resolved     scripts: { test: 'mocha' },
130 silly resolved     dependencies:
130 silly resolved      { 'arr-diff': '^1.0.1',
130 silly resolved        'array-intersection': '^0.1.1',
130 silly resolved        'array-unique': '^0.1.1',
130 silly resolved        chalk: '^1.0.0',
130 silly resolved        del: '^1.1.1',
130 silly resolved        'export-files': '^1.1.0',
130 silly resolved        glob: '^4.4.1',
130 silly resolved        'gray-matter': '^1.2.5',
130 silly resolved        'gulp-util': '^3.0.4',
130 silly resolved        'has-banner': '^0.2.0',
130 silly resolved        'kind-of': '^1.1.0',
130 silly resolved        'log-symbols': '^1.0.2',
130 silly resolved        'merge-deep': '^1.0.1',
130 silly resolved        micromatch: '^1.4.2',
130 silly resolved        'parse-copyright': '^0.4.0',
130 silly resolved        'requires-regex': '^0.2.0',
130 silly resolved        'sort-object': '^1.0.0',
130 silly resolved        through2: '^0.6.3',
130 silly resolved        'update-banner': '^0.1.1',
130 silly resolved        'update-license': '^0.3.0',
130 silly resolved        'update-package': '^0.2.0',
130 silly resolved        verb: '^0.6.1' },
130 silly resolved     keywords: [ 'javascript', 'keys', 'object', 'sort' ],
130 silly resolved     gitHead: '20af38473d5630c5b725a34f041df0aabf050935',
130 silly resolved     _id: 'update@0.3.6',
130 silly resolved     _shasum: '11bcae2d5fe3413a5dd0910f424d6310e50c99e8',
130 silly resolved     _from: 'update@',
130 silly resolved     _npmVersion: '2.5.1',
130 silly resolved     _nodeVersion: '0.12.0',
130 silly resolved     _npmUser: { name: 'jonschlinkert', email: 'github@sellside.com' },
130 silly resolved     maintainers: [ [Object] ],
130 silly resolved     dist:
130 silly resolved      { shasum: '11bcae2d5fe3413a5dd0910f424d6310e50c99e8',
130 silly resolved        tarball: 'http://registry.npmjs.org/update/-/update-0.3.6.tgz' },
130 silly resolved     directories: {},
130 silly resolved     _resolved: 'https://registry.npmjs.org/update/-/update-0.3.6.tgz' },
130 silly resolved   { name: 'bower',
130 silly resolved     version: '1.5.3',
130 silly resolved     description: 'The browser package manager',
130 silly resolved     author: { name: 'Twitter' },
130 silly resolved     license: 'MIT',
130 silly resolved     repository: { type: 'git', url: 'https://github.com/bower/bower' },
130 silly resolved     main: 'lib',
130 silly resolved     homepage: 'http://bower.io',
130 silly resolved     engines: { node: '>=0.10.0' },
130 silly resolved     dependencies:
130 silly resolved      { abbrev: '^1.0.5',
130 silly resolved        archy: '1.0.0',
130 silly resolved        'bower-config': '^0.6.1',
130 silly resolved        'bower-endpoint-parser': '^0.2.2',
130 silly resolved        'bower-json': '^0.4.0',
130 silly resolved        'bower-logger': '^0.2.2',
130 silly resolved        'bower-registry-client': '^0.3.0',
130 silly resolved        cardinal: '0.4.4',
130 silly resolved        chalk: '^1.0.0',
130 silly resolved        chmodr: '0.1.0',
130 silly resolved        configstore: '^0.3.2',
130 silly resolved        'decompress-zip': '^0.1.0',
130 silly resolved        fstream: '^1.0.3',
130 silly resolved        'fstream-ignore': '^1.0.2',
130 silly resolved        github: '^0.2.3',
130 silly resolved        glob: '^4.3.2',
130 silly resolved        'graceful-fs': '^3.0.5',
130 silly resolved        handlebars: '^2.0.0',
130 silly resolved        inquirer: '0.8.0',
130 silly resolved        insight: '^0.7.0',
130 silly resolved        'is-root': '^1.0.0',
130 silly resolved        junk: '^1.0.0',
130 silly resolved        lockfile: '^1.0.0',
130 silly resolved        'lru-cache': '^2.5.0',
130 silly resolved        'md5-hex': '^1.0.2',
130 silly resolved        mkdirp: '0.5.0',
130 silly resolved        mout: '^0.11.0',
130 silly resolved        nopt: '^3.0.1',
130 silly resolved        opn: '^1.0.1',
130 silly resolved        'p-throttler': '0.1.1',
130 silly resolved        promptly: '0.2.0',
130 silly resolved        q: '^1.1.2',
130 silly resolved        request: '2.53.0',
130 silly resolved        'request-progress': '0.3.1',
130 silly resolved        retry: '0.6.1',
130 silly resolved        rimraf: '^2.2.8',
130 silly resolved        semver: '^2.3.0',
130 silly resolved        'shell-quote': '^1.4.2',
130 silly resolved        'stringify-object': '^1.0.0',
130 silly resolved        'tar-fs': '^1.4.1',
130 silly resolved        tmp: '0.0.24',
130 silly resolved        'update-notifier': '^0.3.0',
130 silly resolved        'user-home': '^1.1.0',
130 silly resolved        which: '^1.0.8' },
130 silly resolved     devDependencies:
130 silly resolved      { chai: '^1.10.0',
130 silly resolved        coveralls: '^2.11.2',
130 silly resolved        'expect.js': '^0.3.1',
130 silly resolved        grunt: '^0.4.5',
130 silly resolved        'grunt-cli': '^0.1.13',
130 silly resolved        'grunt-contrib-jshint': '^0.10.0',
130 silly resolved        'grunt-contrib-watch': '^0.6.1',
130 silly resolved        'grunt-exec': '^0.4.6',
130 silly resolved        'grunt-simple-mocha': '^0.4.0',
130 silly resolved        istanbul: '^0.3.5',
130 silly resolved        'load-grunt-tasks': '^2.0.0',
130 silly resolved        mocha: '^2.1.0',
130 silly resolved        multiline: '^1.0.2',
130 silly resolved        nock: '^0.56.0',
130 silly resolved        'node-uuid': '^1.4.2',
130 silly resolved        proxyquire: '^1.3.0',
130 silly resolved        'spawn-sync': '^1.0.5' },
130 silly resolved     scripts: { test: 'grunt test' },
130 silly resolved     bin: { bower: 'bin/bower' },
130 silly resolved     files: [ 'bin', 'lib', 'templates' ],
130 silly resolved     gitHead: '66310523d16a1f342f3da2aa49ea90d927fe7d46',
130 silly resolved     bugs: { url: 'https://github.com/bower/bower/issues' },
130 silly resolved     _id: 'bower@1.5.3',
130 silly resolved     _shasum: 'ee5d7952e114e30b18795e20e9fefcc5b4cf963d',
130 silly resolved     _from: 'bower@',
130 silly resolved     _npmVersion: '1.4.28',
130 silly resolved     _npmUser: { name: 'sheerun', email: 'sheerun@sher.pl' },
130 silly resolved     maintainers: [ [Object], [Object], [Object], [Object], [Object], [Object] ],
130 silly resolved     dist:
130 silly resolved      { shasum: 'ee5d7952e114e30b18795e20e9fefcc5b4cf963d',
130 silly resolved        tarball: 'http://registry.npmjs.org/bower/-/bower-1.5.3.tgz' },
130 silly resolved     directories: {},
130 silly resolved     _resolved: 'https://registry.npmjs.org/bower/-/bower-1.5.3.tgz' } ]
131 info install to@0.2.9 into /usr/lib
132 info install update@0.3.6 into /usr/lib
133 info install bower@1.5.3 into /usr/lib
134 info installOne to@0.2.9
135 info installOne update@0.3.6
136 info installOne bower@1.5.3
137 verbose lib/node_modules/to unbuild
138 verbose lib/node_modules/update unbuild
139 verbose lib/node_modules/bower unbuild
140 verbose tar unpack /home/wladek/.npm/to/0.2.9/package.tgz
141 silly lockFile bf389c60-tar-usr-lib-node-modules-to tar:///usr/lib/node_modules/to
142 verbose lock tar:///usr/lib/node_modules/to /home/wladek/.npm/bf389c60-tar-usr-lib-node-modules-to.lock
143 silly lockFile 9a869b6d--wladek-npm-to-0-2-9-package-tgz tar:///home/wladek/.npm/to/0.2.9/package.tgz
144 verbose lock tar:///home/wladek/.npm/to/0.2.9/package.tgz /home/wladek/.npm/9a869b6d--wladek-npm-to-0-2-9-package-tgz.lock
145 verbose tar unpack /home/wladek/.npm/update/0.3.6/package.tgz
146 silly lockFile 81be9f58-tar-usr-lib-node-modules-update tar:///usr/lib/node_modules/update
147 verbose lock tar:///usr/lib/node_modules/update /home/wladek/.npm/81be9f58-tar-usr-lib-node-modules-update.lock
148 silly lockFile e491cf9b-dek-npm-update-0-3-6-package-tgz tar:///home/wladek/.npm/update/0.3.6/package.tgz
149 verbose lock tar:///home/wladek/.npm/update/0.3.6/package.tgz /home/wladek/.npm/e491cf9b-dek-npm-update-0-3-6-package-tgz.lock
150 silly gunzTarPerm modes [ '775', '664' ]
151 info preuninstall bower@1.5.2
152 silly gunzTarPerm modes [ '775', '664' ]
153 info uninstall bower@1.5.2
154 verbose true,/usr/lib/node_modules,/usr/lib/node_modules unbuild bower@1.5.2
155 verbose /usr/bin,[object Object] binRoot
156 error Error: EACCES, mkdir '/usr/lib/node_modules/to'
156 error  { [Error: EACCES, mkdir '/usr/lib/node_modules/to']
156 error   errno: 3,
156 error   code: 'EACCES',
156 error   path: '/usr/lib/node_modules/to',
156 error   fstream_type: 'Directory',
156 error   fstream_path: '/usr/lib/node_modules/to',
156 error   fstream_class: 'DirWriter',
156 error   fstream_stack:
156 error    [ '/usr/lib/node_modules/npm/node_modules/fstream/lib/dir-writer.js:36:23',
156 error      '/usr/lib/node_modules/npm/node_modules/mkdirp/index.js:46:53',
156 error      'Object.oncomplete (fs.js:108:15)' ] }
157 error Please try running this command again as root/Administrator.
158 error System Linux 3.16.0-41-generic
159 error command "/usr/bin/node" "/usr/bin/npm" "install" "-g" "bower" "to" "update"
160 error cwd /home/wladek/Documents/projects/natives_2
161 error node -v v0.10.37
162 error npm -v 1.4.28
163 error path /usr/lib/node_modules/to
164 error fstream_path /usr/lib/node_modules/to
165 error fstream_type Directory
166 error fstream_class DirWriter
167 error code EACCES
168 error errno 3
169 error stack Error: EACCES, mkdir '/usr/lib/node_modules/to'
170 error fstream_stack /usr/lib/node_modules/npm/node_modules/fstream/lib/dir-writer.js:36:23
170 error fstream_stack /usr/lib/node_modules/npm/node_modules/mkdirp/index.js:46:53
170 error fstream_stack Object.oncomplete (fs.js:108:15)
171 verbose exit [ 3, true ]
